error: Carrito no encontrado
error: Esto es un mensaje de error
fatal: Esto es un mensaje de fatal
error: Esto es un mensaje de error
fatal: Esto es un mensaje de fatal
error: Esto es un mensaje de error
fatal: Esto es un mensaje de fatal
error: Esto es un mensaje de error
fatal: Esto es un mensaje de fatal
error: Esto es un mensaje de error
fatal: Esto es un mensaje de fatal
error: Esto es un mensaje de error
fatal: Esto es un mensaje de fatal
error: Esto es un mensaje de error
fatal: Esto es un mensaje de fatal
error: Esto es un mensaje de error
fatal: Esto es un mensaje de fatal
error: Esto es un mensaje de error
fatal: Esto es un mensaje de fatal
error: Esto es un mensaje de error
fatal: Esto es un mensaje de fatal
error: Esto es un mensaje de error
fatal: Esto es un mensaje de fatal
error: Esto es un mensaje de error
fatal: Esto es un mensaje de fatal
error: Esto es un mensaje de error
fatal: Esto es un mensaje de fatal
error: Esto es un mensaje de error
fatal: Esto es un mensaje de fatal
error: Esto es un mensaje de error
fatal: Esto es un mensaje de fatal
error: Esto es un mensaje de error
fatal: Esto es un mensaje de fatal
error: Esto es un mensaje de error
fatal: Esto es un mensaje de fatal
error: Esto es un mensaje de error
fatal: Esto es un mensaje de fatal
error: Esto es un mensaje de error
fatal: Esto es un mensaje de fatal
error: Esto es un mensaje de error
fatal: Esto es un mensaje de fatal
error: Esto es un mensaje de error
fatal: Esto es un mensaje de fatal
error: Esto es un mensaje de error
fatal: Esto es un mensaje de fatal
error: Esto es un mensaje de error
fatal: Esto es un mensaje de fatal
error: Esto es un mensaje de error
fatal: Esto es un mensaje de fatal
error: Esto es un mensaje de error
fatal: Esto es un mensaje de fatal
error: Esto es un mensaje de error
fatal: Esto es un mensaje de fatal
error: Esto es un mensaje de error
fatal: Esto es un mensaje de fatal
error: Esto es un mensaje de error
fatal: Esto es un mensaje de fatal
error: Esto es un mensaje de error
fatal: Esto es un mensaje de fatal
error: Esto es un mensaje de error
fatal: Esto es un mensaje de fatal
error: Esto es un mensaje de error
fatal: Esto es un mensaje de fatal
error: Esto es un mensaje de error
fatal: Esto es un mensaje de fatal
error: Esto es un mensaje de error
fatal: Esto es un mensaje de fatal
error: undefined {"cause":"El carrito con id: 66415384d58d0d8b7e91820, no fue encontrado","code":3,"name":"Error al encontrar carrito"}
error: undefined
error: undefined
error: undefined
error: undefined
error: Error: Error al encontrar carrito: El carrito no fue encontrado
error: undefined {"cause":"La cantidad que desea supera al stock disponible","code":3,"name":"Error al agregar producto al carrito"}
error: undefined
error: undefined
error: undefined
error: undefined
error: undefined
error: undefined
error: undefined {"cause":"El code ABC136 ya existe y los productos no pueden compartirlo","code":2,"name":"Error al crear producto"}
error: undefined {"cause":"El code ABC136 ya existe y los productos no pueden compartirlo","code":2,"name":"Error al crear producto"}
error: undefined
error: undefined
error: undefined
error: undefined
error: undefined {"cause":"El stock del producto id: producto 4 se encuentra agotado","code":3,"name":"Error al agregar producto al carrito"}
error: undefined {"cause":"El stock del producto id: producto 4 se encuentra agotado","code":3,"name":"Error al agregar producto al carrito"}
error: undefined {"cause":"El stock del producto id: Producto 13 se encuentra agotado","code":3,"name":"Error al agregar producto al carrito"}
error: undefined {"cause":"El stock del producto id: Producto 13 se encuentra agotado","code":3,"name":"Error al agregar producto al carrito"}
error: undefined {"cause":"El stock del producto id: Producto 13 se encuentra agotado","code":3,"name":"Error al agregar producto al carrito"}
error: undefined
error: undefined {"cause":"El Producto 13 fue creado por usted mismo, por lo que no puede agregarlo a su carrito","code":3,"name":"Error al agregar producto al carrito"}
